
/home/runner/work/exp-continuous-beams-iiith/exp-continuous-beams-iiith/experiment/simulation/js/animations.js
    2:10  warning  'moveArrowDown' is defined but never used   no-unused-vars
   21:10  warning  'animateObserve' is defined but never used  no-unused-vars
   23:5   warning  'anime' is not defined                      no-undef
   26:28  warning  'anime' is not defined                      no-undef
   29:16  warning  'anime' is not defined                      no-undef
   42:10  warning  'cantiPlBeam' is defined but never used     no-unused-vars
   44:9   warning  'tween' is assigned a value but never used  no-unused-vars
   44:17  warning  'KUTE' is not defined                       no-undef
   59:10  warning  'cantiUdlBeam' is defined but never used    no-unused-vars
   61:9   warning  'tween' is assigned a value but never used  no-unused-vars
   61:17  warning  'KUTE' is not defined                       no-undef
   77:10  warning  'fixedPlBeam' is defined but never used     no-unused-vars
   79:9   warning  'tween' is assigned a value but never used  no-unused-vars
   79:17  warning  'KUTE' is not defined                       no-undef
   94:10  warning  'fixedUdlBeam' is defined but never used    no-unused-vars
   96:9   warning  'tween' is assigned a value but never used  no-unused-vars
   96:17  warning  'KUTE' is not defined                       no-undef
  111:10  warning  'onessPlBeam' is defined but never used     no-unused-vars
  113:9   warning  'tween' is assigned a value but never used  no-unused-vars
  113:17  warning  'KUTE' is not defined                       no-undef
  128:10  warning  'onessUdlBeam' is defined but never used    no-unused-vars
  130:9   warning  'tween' is assigned a value but never used  no-unused-vars
  130:17  warning  'KUTE' is not defined                       no-undef
  145:10  warning  'twossPlBeam' is defined but never used     no-unused-vars
  147:9   warning  'tween' is assigned a value but never used  no-unused-vars
  147:17  warning  'KUTE' is not defined                       no-undef
  162:10  warning  'twossUdlBeam' is defined but never used    no-unused-vars
  164:9   warning  'tween' is assigned a value but never used  no-unused-vars
  164:17  warning  'KUTE' is not defined                       no-undef

/home/runner/work/exp-continuous-beams-iiith/exp-continuous-beams-iiith/experiment/simulation/js/bulma-slider.min.js
  1:66    warning  'module' is not defined        no-undef
  1:112   warning  'define' is not defined        no-undef
  1:123   warning  'define' is not defined        no-undef
  1:161   warning  'exports' is not defined       no-undef
  1:1622  warning  't' is defined but never used  no-unused-vars
  1:4532  warning  'n' is defined but never used  no-unused-vars

/home/runner/work/exp-continuous-beams-iiith/exp-continuous-beams-iiith/experiment/simulation/js/main.js
   23:10  warning  'onSelection' is defined but never used                    no-unused-vars
   44:10  warning  'showObservations' is defined but never used               no-unused-vars
   49:5   warning  'animateObserve' is not defined                            no-undef
   54:5   warning  'previousClickedarrow' is assigned a value but never used  no-unused-vars
   67:10  warning  'playSimulation' is defined but never used                 no-unused-vars
   86:26  warning  'i' is already defined                                     no-redeclare
   93:26  warning  'i' is already defined                                     no-redeclare
   99:26  warning  'i' is already defined                                     no-redeclare
  105:26  warning  'i' is already defined                                     no-redeclare
  112:17  warning  'moveArrowDown' is not defined                             no-undef
  113:23  warning  'myTimeout' is assigned a value but never used             no-unused-vars
  118:17  warning  'cantiPlBeam' is not defined                               no-undef
  127:17  warning  'animateObserve' is not defined                            no-undef
  128:17  warning  'animateObserve' is not defined                            no-undef
  133:17  warning  'moveArrowDown' is not defined                             no-undef
  134:23  warning  'myTimeout' is assigned a value but never used             no-unused-vars
  139:17  warning  'cantiUdlBeam' is not defined                              no-undef
  144:17  warning  'animateObserve' is not defined                            no-undef
  145:17  warning  'animateObserve' is not defined                            no-undef
  150:17  warning  'moveArrowDown' is not defined                             no-undef
  151:23  warning  'myTimeout' is assigned a value but never used             no-unused-vars
  155:17  warning  'fixedPlBeam' is not defined                               no-undef
  160:17  warning  'animateObserve' is not defined                            no-undef
  161:17  warning  'animateObserve' is not defined                            no-undef
  167:17  warning  'moveArrowDown' is not defined                             no-undef
  168:23  warning  'myTimeout' is assigned a value but never used             no-unused-vars
  172:17  warning  'fixedUdlBeam' is not defined                              no-undef
  177:17  warning  'animateObserve' is not defined                            no-undef
  178:17  warning  'animateObserve' is not defined                            no-undef
  183:17  warning  'moveArrowDown' is not defined                             no-undef
  184:23  warning  'myTimeout' is assigned a value but never used             no-unused-vars
  188:17  warning  'onessPlBeam' is not defined                               no-undef
  193:17  warning  'animateObserve' is not defined                            no-undef
  194:17  warning  'animateObserve' is not defined                            no-undef
  202:17  warning  'moveArrowDown' is not defined                             no-undef
  203:23  warning  'myTimeout' is assigned a value but never used             no-unused-vars
  207:17  warning  'onessUdlBeam' is not defined                              no-undef
  212:17  warning  'animateObserve' is not defined                            no-undef
  213:17  warning  'animateObserve' is not defined                            no-undef

/home/runner/work/exp-continuous-beams-iiith/exp-continuous-beams-iiith/experiment/simulation/js/matter.js
     30:3   warning  'module' is not defined                                     no-undef
     31:42  warning  'define' is not defined                                     no-undef
     32:3   warning  'define' is not defined                                     no-undef
     34:3   warning  'exports' is not defined                                    no-undef
    124:10  warning  Unexpected newline between function and ( of function call  no-unexpected-multiline
    126:25  warning  'exports' is defined but never used                         no-unused-vars
    155:13  warning  'args' is defined but never used                            no-unused-vars
    729:26  warning  'global' is not defined                                     no-undef
    743:25  warning  'exports' is defined but never used                         no-unused-vars
    869:25  warning  'exports' is defined but never used                         no-unused-vars
   2445:5   warning  'Render' is assigned a value but never used                 no-unused-vars
   5588:29  warning  'boundsA' is already defined                                no-redeclare
   5592:33  warning  'boundsB' is already defined                                no-redeclare
   5599:33  warning  'collision' is already defined                              no-redeclare
   6347:37  warning  'time' is defined but never used                            no-unused-vars
   6486:46  warning  'time' is defined but never used                            no-unused-vars
   6738:13  warning  'engine' is assigned a value but never used                 no-unused-vars
   6895:13  warning  'part' is defined but never used                            no-unused-vars
   6898:13  warning  'k' is defined but never used                               no-unused-vars
   6973:13  warning  'engine' is assigned a value but never used                 no-unused-vars
   7010:13  warning  'engine' is assigned a value but never used                 no-unused-vars
   7072:13  warning  'engine' is assigned a value but never used                 no-unused-vars
   7186:13  warning  'corrected' is defined but never used                       no-unused-vars
   7187:13  warning  'bodyA' is defined but never used                           no-unused-vars
   7188:13  warning  'bodyB' is defined but never used                           no-unused-vars
   7269:13  warning  'corrected' is defined but never used                       no-unused-vars
   7273:13  warning  'j' is defined but never used                               no-unused-vars
   7321:13  warning  'engine' is assigned a value but never used                 no-unused-vars
   7861:25  warning  'exports' is defined but never used                         no-unused-vars
   8180:79  warning  'worldBounds' is defined but never used                     no-unused-vars
   8994:23  warning  Unexpected constant condition                               no-constant-condition
  10502:5   warning  'Bounds' is assigned a value but never used                 no-unused-vars
  10738:5   warning  'Common' is assigned a value but never used                 no-unused-vars

/home/runner/work/exp-continuous-beams-iiith/exp-continuous-beams-iiith/experiment/simulation/js/matter.min.js
  6:66     warning  'module' is not defined                                          no-undef
  6:112    warning  'define' is not defined                                          no-undef
  6:123    warning  'define' is not defined                                          no-undef
  6:170    warning  'exports' is not defined                                         no-undef
  6:1157   warning  't' is defined but never used                                    no-unused-vars
  6:5142   warning  'global' is not defined                                          no-undef
  6:5198   warning  't' is defined but never used                                    no-unused-vars
  6:5996   warning  't' is defined but never used                                    no-unused-vars
  6:10682  warning  Expected a conditional expression and instead saw an assignment  no-cond-assign
  6:19776  warning  Expected a conditional expression and instead saw an assignment  no-cond-assign
  6:45954  warning  't' is defined but never used                                    no-unused-vars
  6:47634  warning  'n' is defined but never used                                    no-unused-vars
  6:59135  warning  't' is defined but never used                                    no-unused-vars
  6:61692  warning  'o' is defined but never used                                    no-unused-vars
  6:66057  warning  Expected a conditional expression and instead saw an assignment  no-cond-assign

/home/runner/work/exp-continuous-beams-iiith/exp-continuous-beams-iiith/experiment/simulation/old-backup/vlab2/script.js
   3:30   warning  'i' is already defined                      no-redeclare
   4:55   warning  'ret' is assigned a value but never used    no-unused-vars
  23:39   warning  'i' is already defined                      no-redeclare
  29:328  warning  'jnlp' is defined but never used            no-unused-vars
  29:392  warning  'minimumVersion' is defined but never used  no-unused-vars
  36:241  warning  Empty block statement                       no-empty
  40:75   warning  'i' is already defined                      no-redeclare
  41:27   warning  'i' is already defined                      no-redeclare
  45:128  warning  'ActiveXObject' is not defined              no-undef
  47:16   warning  'ActiveXObject' is not defined              no-undef
  47:199  warning  'oClientCaps' is not defined                no-undef
  49:47   warning  's' is not defined                          no-undef
  49:83   warning  's' is not defined                          no-undef
  51:91   warning  's' is not defined                          no-undef
  51:129  warning  's' is not defined                          no-undef
  51:249  warning  's' is not defined                          no-undef
  57:100  warning  'name' is defined but never used            no-unused-vars
  57:105  warning  'result' is defined but never used          no-unused-vars
  62:9    warning  'i' is already defined                      no-redeclare
  64:508  warning  Unnecessary semicolon                       no-extra-semi
  67:21   warning  'i' is already defined                      no-redeclare
  68:201  warning  Empty block statement                       no-empty
  69:58   warning  Empty block statement                       no-empty
  70:52   warning  Empty block statement                       no-empty

✖ 146 problems (0 errors, 146 warnings)
  0 errors and 1 warning potentially fixable with the `--fix` option.

